\BOOKMARK [0][-]{chapter*.4}{\376\377\000I\000n\000t\000r\000o\000d\000u\000c\000t\000i\000o\000n}{}% 1
\BOOKMARK [0][-]{chapter.1}{\376\377\000T\000h\000e\000o\000r\000e\000t\000i\000c\000a\000l\000\040\000P\000r\000e\000l\000i\000m\000i\000n\000a\000r\000i\000e\000s}{}% 2
\BOOKMARK [1][-]{section.1.1}{\376\377\000A\000n\000t\000e\000n\000n\000a\000\040\000E\000f\000f\000e\000c\000t\000i\000v\000e\000\040\000H\000e\000i\000g\000h\000t}{chapter.1}% 3
\BOOKMARK [1][-]{section.1.2}{\376\377\000E\000m\000i\000t\000t\000e\000d\000\040\000E\000l\000e\000c\000t\000r\000i\000c\000\040\000F\000i\000e\000l\000d\000\040\000i\000n\000\040\000F\000r\000e\000e\000-\000S\000p\000a\000c\000e}{chapter.1}% 4
\BOOKMARK [1][-]{section.1.3}{\376\377\000R\000e\000c\000e\000i\000v\000e\000d\000\040\000V\000o\000l\000t\000a\000g\000e\000\040\000i\000n\000\040\000F\000r\000e\000e\000-\000S\000p\000a\000c\000e}{chapter.1}% 5
\BOOKMARK [0][-]{chapter.2}{\376\377\000L\000i\000n\000e\000-\000o\000f\000-\000S\000i\000g\000h\000t\000\040\000C\000h\000a\000n\000n\000e\000l\000\040\000-\000\040\000N\000a\000r\000r\000o\000w\000b\000a\000n\000d\000\040\000A\000n\000a\000l\000y\000s\000i\000s}{}% 6
\BOOKMARK [1][-]{section.2.1}{\376\377\000A\000n\000t\000e\000n\000n\000a\000\040\000G\000a\000i\000n}{chapter.2}% 7
\BOOKMARK [1][-]{section.2.2}{\376\377\000I\000m\000p\000u\000l\000s\000e\000\040\000R\000e\000s\000p\000o\000n\000s\000e\000\040\000h\000\050\000\051}{chapter.2}% 8
\BOOKMARK [1][-]{section.2.3}{\376\377\000T\000r\000a\000n\000s\000f\000e\000r\000\040\000F\000u\000n\000c\000t\000i\000o\000n\000\040\000H\000\050\000f\000\051}{chapter.2}% 9
\BOOKMARK [1][-]{section.2.4}{\376\377\000N\000a\000r\000r\000o\000w\000b\000a\000n\000d\000\040\000T\000r\000a\000n\000s\000f\000e\000r\000\040\000F\000u\000n\000c\000t\000i\000o\000n\000\040\000h\000N\000B}{chapter.2}% 10
\BOOKMARK [1][-]{section.2.5}{\376\377\000R\000e\000c\000e\000i\000v\000e\000d\000\040\000P\000o\000w\000e\000r\000\040\000P\000R\000X}{chapter.2}% 11
\BOOKMARK [1][-]{section.2.6}{\376\377\000I\000n\000t\000e\000r\000p\000r\000e\000t\000a\000t\000i\000o\000n\000\040\000o\000f\000\040\000R\000e\000s\000u\000l\000t\000s}{chapter.2}% 12
\BOOKMARK [0][-]{chapter.3}{\376\377\000F\000u\000l\000l\000\040\000C\000h\000a\000n\000n\000e\000l\000,\000\040\000N\000a\000r\000r\000o\000w\000b\000a\000n\000d\000\040\000A\000n\000a\000l\000y\000s\000i\000s}{}% 13
\BOOKMARK [1][-]{section.3.1}{\376\377\000M\000u\000l\000t\000i\000p\000a\000t\000h\000\040\000C\000o\000m\000p\000o\000n\000e\000n\000t\000\040\000G\000e\000o\000m\000e\000t\000r\000y}{chapter.3}% 14
\BOOKMARK [1][-]{section.3.2}{\376\377\000T\000o\000t\000a\000l\000\040\000R\000e\000c\000e\000i\000v\000e\000d\000\040\000V\000o\000l\000t\000a\000g\000e}{chapter.3}% 15
\BOOKMARK [1][-]{section.3.3}{\376\377\000R\000e\000c\000e\000i\000v\000e\000d\000\040\000P\000o\000w\000e\000r\000\040\000a\000n\000d\000\040\000C\000o\000m\000p\000a\000r\000i\000s\000o\000n\000\040\000w\000i\000t\000h\000\040\000F\000r\000i\000i\000s\000\040\000F\000o\000r\000m\000u\000l\000a}{chapter.3}% 16
\BOOKMARK [1][-]{section.3.4}{\376\377\000R\000i\000c\000i\000a\000n\000\040\000K\000-\000f\000a\000c\000t\000o\000r}{chapter.3}% 17
\BOOKMARK [1][-]{section.3.5}{\376\377\000P\000a\000t\000h\000\040\000L\000o\000s\000s\000\040\000M\000o\000d\000e\000l}{chapter.3}% 18
\BOOKMARK [1][-]{section.3.6}{\376\377\000V\000a\000r\000i\000a\000b\000i\000l\000i\000t\000y\000\040\000L}{chapter.3}% 19
\BOOKMARK [1][-]{section.3.7}{\376\377\000F\000a\000d\000e\000\040\000M\000a\000r\000g\000i\000n\000\040\000a\000n\000d\000\040\000C\000e\000l\000l\000\040\000R\000a\000n\000g\000e}{chapter.3}% 20
\BOOKMARK [1][-]{section.3.8}{\376\377\000I\000n\000t\000e\000r\000p\000r\000e\000t\000a\000t\000i\000o\000n\000\040\000o\000f\000\040\000R\000e\000s\000u\000l\000t\000s}{chapter.3}% 21
